Checking for new versions...

Getting ready...
Ready! You are using Stripe API Version [2025-03-31.basil]. Your webhook signing secret is whsec_0a1df86b691254f9ad5637ff729ed57c6cff03674f92a6a42bd22f7e623ab89d (^C to quit)
2025-10-26 21:14:53   --> customer.created [evt_1SMaL2DYyMjWDXQG6rxxzdV2]
2025-10-26 21:14:53  <--  [200] POST http://localhost:3000/api/stripe/webhook [evt_1SMaL2DYyMjWDXQG6rxxzdV2]
2025-10-26 22:42:53   --> charge.succeeded [evt_3SMbiADYyMjWDXQG0u8P7aX6]
2025-10-26 22:42:53   --> payment_method.attached [evt_1SMbiDDYyMjWDXQGjRPDHeTc]
2025-10-26 22:42:53   --> checkout.session.completed [evt_1SMbiDDYyMjWDXQGqtXoMkSi]
2025-10-26 22:42:53   --> customer.updated [evt_1SMbiDDYyMjWDXQGsPhRnNss]
2025-10-26 22:42:53   --> customer.subscription.created [evt_1SMbiDDYyMjWDXQGNq6xSUJU]
2025-10-26 22:42:53   --> customer.subscription.updated [evt_1SMbiDDYyMjWDXQG4XjVUIYz]
2025-10-26 22:42:53   --> payment_intent.succeeded [evt_3SMbiADYyMjWDXQG0nEvGAHg]
2025-10-26 22:42:53   --> payment_intent.created [evt_3SMbiADYyMjWDXQG0vUK12FX]
2025-10-26 22:42:54   --> invoice.created [evt_1SMbiDDYyMjWDXQGslK3rNHT]
2025-10-26 22:42:54   --> invoice.finalized [evt_1SMbiDDYyMjWDXQGgw5CwjUu]
2025-10-26 22:42:54  <--  [200] POST http://localhost:3000/api/stripe/webhook [evt_3SMbiADYyMjWDXQG0u8P7aX6]
2025-10-26 22:42:54  <--  [200] POST http://localhost:3000/api/stripe/webhook [evt_1SMbiDDYyMjWDXQGjRPDHeTc]
2025-10-26 22:42:54  <--  [200] POST http://localhost:3000/api/stripe/webhook [evt_1SMbiDDYyMjWDXQGsPhRnNss]
2025-10-26 22:42:54  <--  [200] POST http://localhost:3000/api/stripe/webhook [evt_3SMbiADYyMjWDXQG0vUK12FX]
2025-10-26 22:42:54  <--  [200] POST http://localhost:3000/api/stripe/webhook [evt_3SMbiADYyMjWDXQG0nEvGAHg]
2025-10-26 22:42:54  <--  [200] POST http://localhost:3000/api/stripe/webhook [evt_1SMbiDDYyMjWDXQG4XjVUIYz]
2025-10-26 22:42:54  <--  [200] POST http://localhost:3000/api/stripe/webhook [evt_1SMbiDDYyMjWDXQGslK3rNHT]
2025-10-26 22:42:54  <--  [200] POST http://localhost:3000/api/stripe/webhook [evt_1SMbiDDYyMjWDXQGqtXoMkSi]
2025-10-26 22:42:54  <--  [200] POST http://localhost:3000/api/stripe/webhook [evt_1SMbiDDYyMjWDXQGNq6xSUJU]
2025-10-26 22:42:54  <--  [200] POST http://localhost:3000/api/stripe/webhook [evt_1SMbiDDYyMjWDXQGgw5CwjUu]
2025-10-26 22:42:58   --> invoice.updated [evt_1SMbiGDYyMjWDXQG93hvgHuF]
2025-10-26 22:42:58  <--  [200] POST http://localhost:3000/api/stripe/webhook [evt_1SMbiGDYyMjWDXQG93hvgHuF]
2025-10-26 22:43:01   --> invoice.paid [evt_1SMbiKDYyMjWDXQGJ3HTLkI1]
2025-10-26 22:43:01   --> invoice.payment_succeeded [evt_1SMbiKDYyMjWDXQG7SvIb0GZ]
2025-10-26 22:43:01  <--  [200] POST http://localhost:3000/api/stripe/webhook [evt_1SMbiKDYyMjWDXQGJ3HTLkI1]
2025-10-26 22:43:01  <--  [200] POST http://localhost:3000/api/stripe/webhook [evt_1SMbiKDYyMjWDXQG7SvIb0GZ]
2025-10-26 22:43:38   --> invoice_payment.paid [evt_1SMbiwDYyMjWDXQGhJ0IIRxG]
2025-10-26 22:43:39  <--  [200] POST http://localhost:3000/api/stripe/webhook [evt_1SMbiwDYyMjWDXQGhJ0IIRxG]
2025-10-26 22:47:52   --> charge.succeeded [evt_3SMbn0DYyMjWDXQG2czcPvab]
2025-10-26 22:47:52   --> payment_intent.succeeded [evt_3SMbn0DYyMjWDXQG2KYvqxsS]
2025-10-26 22:47:52   --> payment_intent.created [evt_3SMbn0DYyMjWDXQG2qzNgnDO]
2025-10-26 22:47:52   --> checkout.session.completed [evt_1SMbn2DYyMjWDXQGWIVXuMQp]
2025-10-26 22:47:52  <--  [200] POST http://localhost:3000/api/stripe/webhook [evt_3SMbn0DYyMjWDXQG2czcPvab]
2025-10-26 22:47:52  <--  [200] POST http://localhost:3000/api/stripe/webhook [evt_3SMbn0DYyMjWDXQG2KYvqxsS]
2025-10-26 22:47:52  <--  [200] POST http://localhost:3000/api/stripe/webhook [evt_3SMbn0DYyMjWDXQG2qzNgnDO]
2025-10-26 22:47:53  <--  [200] POST http://localhost:3000/api/stripe/webhook [evt_1SMbn2DYyMjWDXQGWIVXuMQp]
2025-10-26 23:43:31   --> product.created [evt_1SMcetDYyMjWDXQGrcbFQ1eW]
2025-10-26 23:43:32   --> product.created [evt_1SMceuDYyMjWDXQGOxaKV6xN]
2025-10-26 23:43:32  <--  [200] POST http://localhost:3000/api/stripe/webhook [evt_1SMcetDYyMjWDXQGrcbFQ1eW]
2025-10-26 23:43:32  <--  [200] POST http://localhost:3000/api/stripe/webhook [evt_1SMceuDYyMjWDXQGOxaKV6xN]
2025-10-26 23:43:35   --> product.created [evt_1SMcewDYyMjWDXQGaLr1cWej]
2025-10-26 23:43:35  <--  [200] POST http://localhost:3000/api/stripe/webhook [evt_1SMcewDYyMjWDXQGaLr1cWej]
2025-10-26 23:43:35   --> product.created [evt_1SMcexDYyMjWDXQGzlOEEr2x]
2025-10-26 23:43:35  <--  [200] POST http://localhost:3000/api/stripe/webhook [evt_1SMcexDYyMjWDXQGzlOEEr2x]
